go build -o bin/users-service ./cmd/server
./bin/users-service
2025/09/20 20:32:27 Database initialized successfully
2025/09/20 20:32:27 gRPC server starting on :50051
2025/09/20 20:32:27 Available methods:
2025/09/20 20:32:27   - CreateUser
2025/09/20 20:32:27   - GetUser
2025/09/20 20:32:27   - UpdateUser
2025/09/20 20:32:27   - DeleteUser
2025/09/20 20:32:27   - ListUsers
2025/09/20 20:33:09 CreateUser request: email=newuser@example.com
2025/09/20 20:33:09 Error creating user: user with this email already exists
2025/09/20 20:33:10 CreateUser request: email=newuser@example.com
2025/09/20 20:33:10 Error creating user: user with this email already exists
2025/09/20 20:33:25 ListUsers request: limit=0, offset=0
2025/09/20 20:33:25 Retrieved 5 users
2025/09/20 20:33:26 ListUsers request: limit=0, offset=0
2025/09/20 20:33:26 Retrieved 5 users
2025/09/20 20:33:30 CreateUser request: email=
2025/09/20 20:33:30 Error creating user: user with this email already exists
2025/09/20 20:33:31 CreateUser request: email=
2025/09/20 20:33:31 Error creating user: user with this email already exists
2025/09/20 20:33:31 CreateUser request: email=
2025/09/20 20:33:31 Error creating user: user with this email already exists
2025/09/20 20:33:37 CreateUser request: email=newuser@example.com
2025/09/20 20:33:37 Error creating user: user with this email already exists
2025/09/20 20:33:42 CreateUser request: email=newdsfser@example.com
2025/09/20 20:33:42 Created user: ID=12, Email=newdsfser@example.com
2025/09/20 20:33:48 ListUsers request: limit=0, offset=0
2025/09/20 20:33:48 Retrieved 6 users
2025/09/20 20:34:03 DeleteUser request: id=4
2025/09/20 20:34:03 Deleted user with id: 4
2025/09/20 20:34:16 GetUser request: id=5
2025/09/20 20:34:16 Retrieved user: ID=5, Email=alice.updated@example.com
